<?xml version="1.0" encoding="UTF-8"?>
<coverage generated="1608560585957" clover="3.2.0">
  <project timestamp="1608560585957" name="All files">
    <metrics statements="60" coveredstatements="56" conditionals="25" coveredconditionals="23" methods="22" coveredmethods="20" elements="107" coveredelements="99" complexity="0" loc="60" ncloc="60" packages="1" files="3" classes="3"/>
    <file name="index.js" path="D:\14-Java script\LIM013-fe-md-links\src\index.js">
      <metrics statements="40" coveredstatements="36" conditionals="14" coveredconditionals="12" methods="15" coveredmethods="13"/>
      <line num="1" count="2" type="stmt"/>
      <line num="2" count="2" type="stmt"/>
      <line num="3" count="2" type="stmt"/>
      <line num="4" count="2" type="stmt"/>
      <line num="5" count="2" type="stmt"/>
      <line num="6" count="2" type="stmt"/>
      <line num="10" count="8" type="cond" truecount="4" falsecount="0"/>
      <line num="16" count="81" type="cond" truecount="2" falsecount="0"/>
      <line num="19" count="2" type="stmt"/>
      <line num="21" count="79" type="stmt"/>
      <line num="22" count="79" type="stmt"/>
      <line num="23" count="79" type="stmt"/>
      <line num="25" count="79" type="stmt"/>
      <line num="26" count="79" type="stmt"/>
      <line num="28" count="79" type="cond" truecount="4" falsecount="0"/>
      <line num="29" count="34" type="stmt"/>
      <line num="31" count="45" type="cond" truecount="2" falsecount="0"/>
      <line num="32" count="34" type="stmt"/>
      <line num="35" count="65" type="stmt"/>
      <line num="38" count="79" type="stmt"/>
      <line num="47" count="2" type="stmt"/>
      <line num="48" count="7" type="stmt"/>
      <line num="49" count="7" type="stmt"/>
      <line num="50" count="7" type="stmt"/>
      <line num="51" count="19" type="stmt"/>
      <line num="54" count="19" type="stmt"/>
      <line num="55" count="19" type="stmt"/>
      <line num="59" count="30" type="stmt"/>
      <line num="60" count="19" type="stmt"/>
      <line num="61" count="30" type="stmt"/>
      <line num="68" count="7" type="stmt"/>
      <line num="76" count="2" type="stmt"/>
      <line num="77" count="1" type="stmt"/>
      <line num="78" count="6" type="stmt"/>
      <line num="81" count="0" type="cond" truecount="0" falsecount="2"/>
      <line num="82" count="0" type="stmt"/>
      <line num="87" count="0" type="stmt"/>
      <line num="94" count="0" type="stmt"/>
      <line num="101" count="1" type="stmt"/>
      <line num="105" count="2" type="stmt"/>
    </file>
    <file name="mdLinks.js" path="D:\14-Java script\LIM013-fe-md-links\src\mdLinks.js">
      <metrics statements="10" coveredstatements="10" conditionals="9" coveredconditionals="9" methods="3" coveredmethods="3"/>
      <line num="1" count="1" type="stmt"/>
      <line num="5" count="1" type="cond" truecount="1" falsecount="0"/>
      <line num="6" count="6" type="stmt"/>
      <line num="7" count="6" type="cond" truecount="2" falsecount="0"/>
      <line num="8" count="5" type="cond" truecount="2" falsecount="0"/>
      <line num="9" count="4" type="cond" truecount="2" falsecount="0"/>
      <line num="10" count="2" type="cond" truecount="2" falsecount="0"/>
      <line num="14" count="1" type="stmt"/>
      <line num="15" count="1" type="stmt"/>
      <line num="17" count="1" type="stmt"/>
    </file>
    <file name="stats.js" path="D:\14-Java script\LIM013-fe-md-links\src\stats.js">
      <metrics statements="10" coveredstatements="10" conditionals="2" coveredconditionals="2" methods="4" coveredmethods="4"/>
      <line num="5" count="1" type="stmt"/>
      <line num="6" count="1" type="stmt"/>
      <line num="8" count="6" type="stmt"/>
      <line num="9" count="1" type="stmt"/>
      <line num="12" count="1" type="stmt"/>
      <line num="13" count="1" type="stmt"/>
      <line num="14" count="1" type="stmt"/>
      <line num="15" count="6" type="cond" truecount="2" falsecount="0"/>
      <line num="17" count="1" type="stmt"/>
      <line num="20" count="1" type="stmt"/>
    </file>
  </project>
</coverage>
