{"D:\\14-Java script\\LIM013-fe-md-links\\src\\index.js": {"path":"D:\\14-Java script\\LIM013-fe-md-links\\src\\index.js","statementMap":{"0":{"start":{"line":1,"column":11},"end":{"line":1,"column":24}},"1":{"start":{"line":2,"column":13},"end":{"line":2,"column":28}},"2":{"start":{"line":3,"column":15},"end":{"line":3,"column":32}},"3":{"start":{"line":4,"column":14},"end":{"line":4,"column":30}},"4":{"start":{"line":5,"column":18},"end":{"line":5,"column":23}},"5":{"start":{"line":6,"column":14},"end":{"line":6,"column":35}},"6":{"start":{"line":10,"column":18},"end":{"line":10,"column":106}},"7":{"start":{"line":10,"column":33},"end":{"line":10,"column":106}},"8":{"start":{"line":16,"column":24},"end":{"line":16,"column":103}},"9":{"start":{"line":16,"column":39},"end":{"line":16,"column":103}},"10":{"start":{"line":19,"column":19},"end":{"line":39,"column":1}},"11":{"start":{"line":21,"column":17},"end":{"line":21,"column":64}},"12":{"start":{"line":21,"column":32},"end":{"line":21,"column":64}},"13":{"start":{"line":22,"column":22},"end":{"line":22,"column":74}},"14":{"start":{"line":22,"column":37},"end":{"line":22,"column":74}},"15":{"start":{"line":23,"column":22},"end":{"line":23,"column":69}},"16":{"start":{"line":23,"column":37},"end":{"line":23,"column":69}},"17":{"start":{"line":25,"column":21},"end":{"line":25,"column":23}},"18":{"start":{"line":26,"column":23},"end":{"line":26,"column":49}},"19":{"start":{"line":28,"column":2},"end":{"line":37,"column":3}},"20":{"start":{"line":29,"column":4},"end":{"line":29,"column":36}},"21":{"start":{"line":31,"column":9},"end":{"line":37,"column":3}},"22":{"start":{"line":32,"column":4},"end":{"line":36,"column":6}},"23":{"start":{"line":35,"column":6},"end":{"line":35,"column":80}},"24":{"start":{"line":38,"column":2},"end":{"line":38,"column":22}},"25":{"start":{"line":47,"column":17},"end":{"line":69,"column":1}},"26":{"start":{"line":48,"column":23},"end":{"line":48,"column":44}},"27":{"start":{"line":49,"column":21},"end":{"line":49,"column":23}},"28":{"start":{"line":50,"column":4},"end":{"line":67,"column":7}},"29":{"start":{"line":51,"column":21},"end":{"line":51,"column":62}},"30":{"start":{"line":54,"column":16},"end":{"line":54,"column":43}},"31":{"start":{"line":55,"column":25},"end":{"line":55,"column":71}},"32":{"start":{"line":59,"column":22},"end":{"line":59,"column":85}},"33":{"start":{"line":59,"column":54},"end":{"line":59,"column":84}},"34":{"start":{"line":60,"column":6},"end":{"line":66,"column":9}},"35":{"start":{"line":61,"column":8},"end":{"line":65,"column":11}},"36":{"start":{"line":68,"column":2},"end":{"line":68,"column":22}},"37":{"start":{"line":76,"column":17},"end":{"line":102,"column":1}},"38":{"start":{"line":77,"column":31},"end":{"line":77,"column":50}},"39":{"start":{"line":78,"column":24},"end":{"line":99,"column":3}},"40":{"start":{"line":78,"column":59},"end":{"line":98,"column":6}},"41":{"start":{"line":81,"column":6},"end":{"line":91,"column":7}},"42":{"start":{"line":82,"column":6},"end":{"line":85,"column":11}},"43":{"start":{"line":87,"column":6},"end":{"line":90,"column":10}},"44":{"start":{"line":94,"column":6},"end":{"line":97,"column":8}},"45":{"start":{"line":101,"column":2},"end":{"line":101,"column":36}},"46":{"start":{"line":105,"column":0},"end":{"line":111,"column":2}}},"fnMap":{"0":{"name":"(anonymous_0)","decl":{"start":{"line":10,"column":18},"end":{"line":10,"column":19}},"loc":{"start":{"line":10,"column":33},"end":{"line":10,"column":106}},"line":10},"1":{"name":"(anonymous_1)","decl":{"start":{"line":16,"column":24},"end":{"line":16,"column":25}},"loc":{"start":{"line":16,"column":39},"end":{"line":16,"column":103}},"line":16},"2":{"name":"(anonymous_2)","decl":{"start":{"line":19,"column":19},"end":{"line":19,"column":20}},"loc":{"start":{"line":19,"column":32},"end":{"line":39,"column":1}},"line":19},"3":{"name":"(anonymous_3)","decl":{"start":{"line":21,"column":17},"end":{"line":21,"column":18}},"loc":{"start":{"line":21,"column":32},"end":{"line":21,"column":64}},"line":21},"4":{"name":"(anonymous_4)","decl":{"start":{"line":22,"column":22},"end":{"line":22,"column":23}},"loc":{"start":{"line":22,"column":37},"end":{"line":22,"column":74}},"line":22},"5":{"name":"(anonymous_5)","decl":{"start":{"line":23,"column":22},"end":{"line":23,"column":23}},"loc":{"start":{"line":23,"column":37},"end":{"line":23,"column":69}},"line":23},"6":{"name":"(anonymous_6)","decl":{"start":{"line":32,"column":41},"end":{"line":32,"column":42}},"loc":{"start":{"line":32,"column":50},"end":{"line":36,"column":5}},"line":32},"7":{"name":"(anonymous_7)","decl":{"start":{"line":47,"column":17},"end":{"line":47,"column":18}},"loc":{"start":{"line":47,"column":31},"end":{"line":69,"column":1}},"line":47},"8":{"name":"(anonymous_8)","decl":{"start":{"line":50,"column":25},"end":{"line":50,"column":26}},"loc":{"start":{"line":50,"column":34},"end":{"line":67,"column":5}},"line":50},"9":{"name":"(anonymous_9)","decl":{"start":{"line":59,"column":42},"end":{"line":59,"column":43}},"loc":{"start":{"line":59,"column":54},"end":{"line":59,"column":84}},"line":59},"10":{"name":"(anonymous_10)","decl":{"start":{"line":60,"column":24},"end":{"line":60,"column":25}},"loc":{"start":{"line":60,"column":34},"end":{"line":66,"column":7}},"line":60},"11":{"name":"(anonymous_11)","decl":{"start":{"line":76,"column":17},"end":{"line":76,"column":18}},"loc":{"start":{"line":76,"column":32},"end":{"line":102,"column":1}},"line":76},"12":{"name":"(anonymous_12)","decl":{"start":{"line":78,"column":49},"end":{"line":78,"column":50}},"loc":{"start":{"line":78,"column":59},"end":{"line":98,"column":6}},"line":78},"13":{"name":"(anonymous_13)","decl":{"start":{"line":79,"column":10},"end":{"line":79,"column":11}},"loc":{"start":{"line":79,"column":24},"end":{"line":92,"column":5}},"line":79},"14":{"name":"(anonymous_14)","decl":{"start":{"line":93,"column":11},"end":{"line":93,"column":12}},"loc":{"start":{"line":93,"column":20},"end":{"line":98,"column":5}},"line":93}},"branchMap":{"0":{"loc":{"start":{"line":10,"column":33},"end":{"line":10,"column":106}},"type":"cond-expr","locations":[{"start":{"line":10,"column":94},"end":{"line":10,"column":98}},{"start":{"line":10,"column":101},"end":{"line":10,"column":106}}],"line":10},"1":{"loc":{"start":{"line":10,"column":34},"end":{"line":10,"column":90}},"type":"binary-expr","locations":[{"start":{"line":10,"column":34},"end":{"line":10,"column":58}},{"start":{"line":10,"column":62},"end":{"line":10,"column":90}}],"line":10},"2":{"loc":{"start":{"line":16,"column":39},"end":{"line":16,"column":103}},"type":"cond-expr","locations":[{"start":{"line":16,"column":68},"end":{"line":16,"column":77}},{"start":{"line":16,"column":80},"end":{"line":16,"column":103}}],"line":16},"3":{"loc":{"start":{"line":28,"column":2},"end":{"line":37,"column":3}},"type":"if","locations":[{"start":{"line":28,"column":2},"end":{"line":37,"column":3}},{"start":{"line":28,"column":2},"end":{"line":37,"column":3}}],"line":28},"4":{"loc":{"start":{"line":28,"column":5},"end":{"line":28,"column":54}},"type":"binary-expr","locations":[{"start":{"line":28,"column":5},"end":{"line":28,"column":25}},{"start":{"line":28,"column":29},"end":{"line":28,"column":54}}],"line":28},"5":{"loc":{"start":{"line":31,"column":9},"end":{"line":37,"column":3}},"type":"if","locations":[{"start":{"line":31,"column":9},"end":{"line":37,"column":3}},{"start":{"line":31,"column":9},"end":{"line":37,"column":3}}],"line":31},"6":{"loc":{"start":{"line":81,"column":6},"end":{"line":91,"column":7}},"type":"if","locations":[{"start":{"line":81,"column":6},"end":{"line":91,"column":7}},{"start":{"line":81,"column":6},"end":{"line":91,"column":7}}],"line":81}},"s":{"0":2,"1":2,"2":2,"3":2,"4":2,"5":2,"6":2,"7":8,"8":2,"9":81,"10":2,"11":79,"12":79,"13":79,"14":45,"15":79,"16":45,"17":79,"18":79,"19":79,"20":34,"21":45,"22":34,"23":65,"24":79,"25":2,"26":7,"27":7,"28":7,"29":19,"30":19,"31":19,"32":19,"33":30,"34":19,"35":30,"36":7,"37":2,"38":1,"39":1,"40":6,"41":0,"42":0,"43":0,"44":0,"45":1,"46":2},"f":{"0":8,"1":81,"2":79,"3":79,"4":45,"5":45,"6":65,"7":7,"8":19,"9":30,"10":30,"11":1,"12":6,"13":0,"14":0},"b":{"0":[6,2],"1":[8,6],"2":[69,12],"3":[34,45],"4":[79,45],"5":[34,11],"6":[0,0]},"_coverageSchema":"1a1c01bbd47fc00a2c39e90264f33305004495a9","hash":"4a733fa74c721a05a711e0d86b04ad38feffa781"}
,"D:\\14-Java script\\LIM013-fe-md-links\\src\\mdLinks.js": {"path":"D:\\14-Java script\\LIM013-fe-md-links\\src\\mdLinks.js","statementMap":{"0":{"start":{"line":1,"column":14},"end":{"line":1,"column":35}},"1":{"start":{"line":5,"column":23},"end":{"line":12,"column":1}},"2":{"start":{"line":6,"column":4},"end":{"line":11,"column":6}},"3":{"start":{"line":7,"column":6},"end":{"line":10,"column":102}},"4":{"start":{"line":7,"column":32},"end":{"line":7,"column":107}},"5":{"start":{"line":8,"column":11},"end":{"line":10,"column":102}},"6":{"start":{"line":8,"column":50},"end":{"line":8,"column":112}},"7":{"start":{"line":9,"column":11},"end":{"line":10,"column":102}},"8":{"start":{"line":9,"column":48},"end":{"line":9,"column":113}},"9":{"start":{"line":10,"column":11},"end":{"line":10,"column":102}},"10":{"start":{"line":14,"column":0},"end":{"line":14,"column":32}},"11":{"start":{"line":15,"column":0},"end":{"line":18,"column":3}},"12":{"start":{"line":17,"column":2},"end":{"line":17,"column":24}}},"fnMap":{"0":{"name":"(anonymous_0)","decl":{"start":{"line":5,"column":23},"end":{"line":5,"column":24}},"loc":{"start":{"line":5,"column":64},"end":{"line":12,"column":1}},"line":5},"1":{"name":"(anonymous_1)","decl":{"start":{"line":6,"column":24},"end":{"line":6,"column":25}},"loc":{"start":{"line":6,"column":45},"end":{"line":11,"column":5}},"line":6},"2":{"name":"(anonymous_2)","decl":{"start":{"line":16,"column":7},"end":{"line":16,"column":8}},"loc":{"start":{"line":16,"column":19},"end":{"line":18,"column":1}},"line":16}},"branchMap":{"0":{"loc":{"start":{"line":5,"column":30},"end":{"line":5,"column":59}},"type":"default-arg","locations":[{"start":{"line":5,"column":40},"end":{"line":5,"column":59}}],"line":5},"1":{"loc":{"start":{"line":7,"column":6},"end":{"line":10,"column":102}},"type":"if","locations":[{"start":{"line":7,"column":6},"end":{"line":10,"column":102}},{"start":{"line":7,"column":6},"end":{"line":10,"column":102}}],"line":7},"2":{"loc":{"start":{"line":8,"column":11},"end":{"line":10,"column":102}},"type":"if","locations":[{"start":{"line":8,"column":11},"end":{"line":10,"column":102}},{"start":{"line":8,"column":11},"end":{"line":10,"column":102}}],"line":8},"3":{"loc":{"start":{"line":9,"column":11},"end":{"line":10,"column":102}},"type":"if","locations":[{"start":{"line":9,"column":11},"end":{"line":10,"column":102}},{"start":{"line":9,"column":11},"end":{"line":10,"column":102}}],"line":9},"4":{"loc":{"start":{"line":10,"column":11},"end":{"line":10,"column":102}},"type":"cond-expr","locations":[{"start":{"line":10,"column":41},"end":{"line":10,"column":70}},{"start":{"line":10,"column":73},"end":{"line":10,"column":102}}],"line":10}},"s":{"0":1,"1":1,"2":6,"3":6,"4":1,"5":5,"6":1,"7":4,"8":2,"9":2,"10":1,"11":1,"12":1},"f":{"0":6,"1":6,"2":1},"b":{"0":[2],"1":[1,5],"2":[1,4],"3":[2,2],"4":[1,1]},"_coverageSchema":"1a1c01bbd47fc00a2c39e90264f33305004495a9","hash":"fdaf7b190602350f6833f44ad680c8b4a89f64e5"}
,"D:\\14-Java script\\LIM013-fe-md-links\\src\\stats.js": {"path":"D:\\14-Java script\\LIM013-fe-md-links\\src\\stats.js","statementMap":{"0":{"start":{"line":5,"column":14},"end":{"line":10,"column":1}},"1":{"start":{"line":6,"column":18},"end":{"line":6,"column":45}},"2":{"start":{"line":8,"column":19},"end":{"line":8,"column":78}},"3":{"start":{"line":8,"column":62},"end":{"line":8,"column":71}},"4":{"start":{"line":9,"column":4},"end":{"line":9,"column":54}},"5":{"start":{"line":12,"column":15},"end":{"line":18,"column":1}},"6":{"start":{"line":13,"column":21},"end":{"line":13,"column":22}},"7":{"start":{"line":14,"column":4},"end":{"line":16,"column":9}},"8":{"start":{"line":15,"column":8},"end":{"line":15,"column":52}},"9":{"start":{"line":15,"column":36},"end":{"line":15,"column":52}},"10":{"start":{"line":17,"column":6},"end":{"line":17,"column":39}},"11":{"start":{"line":20,"column":0},"end":{"line":23,"column":4}}},"fnMap":{"0":{"name":"(anonymous_0)","decl":{"start":{"line":5,"column":14},"end":{"line":5,"column":15}},"loc":{"start":{"line":5,"column":38},"end":{"line":10,"column":1}},"line":5},"1":{"name":"(anonymous_1)","decl":{"start":{"line":8,"column":52},"end":{"line":8,"column":53}},"loc":{"start":{"line":8,"column":62},"end":{"line":8,"column":71}},"line":8},"2":{"name":"(anonymous_2)","decl":{"start":{"line":12,"column":15},"end":{"line":12,"column":16}},"loc":{"start":{"line":12,"column":39},"end":{"line":18,"column":1}},"line":12},"3":{"name":"(anonymous_3)","decl":{"start":{"line":14,"column":33},"end":{"line":14,"column":34}},"loc":{"start":{"line":14,"column":43},"end":{"line":16,"column":7}},"line":14}},"branchMap":{"0":{"loc":{"start":{"line":15,"column":8},"end":{"line":15,"column":52}},"type":"if","locations":[{"start":{"line":15,"column":8},"end":{"line":15,"column":52}},{"start":{"line":15,"column":8},"end":{"line":15,"column":52}}],"line":15}},"s":{"0":1,"1":1,"2":1,"3":6,"4":1,"5":1,"6":1,"7":1,"8":6,"9":1,"10":1,"11":1},"f":{"0":1,"1":6,"2":1,"3":6},"b":{"0":[1,5]},"_coverageSchema":"1a1c01bbd47fc00a2c39e90264f33305004495a9","hash":"dc23da702b8556e7e8b2d4487dc2c4078b70f038"}
}
