{"D:\\14-Java script\\LIM013-fe-md-links\\src\\index.js": {"path":"D:\\14-Java script\\LIM013-fe-md-links\\src\\index.js","statementMap":{"0":{"start":{"line":1,"column":11},"end":{"line":1,"column":24}},"1":{"start":{"line":2,"column":13},"end":{"line":2,"column":28}},"2":{"start":{"line":3,"column":15},"end":{"line":3,"column":32}},"3":{"start":{"line":4,"column":14},"end":{"line":4,"column":30}},"4":{"start":{"line":5,"column":18},"end":{"line":5,"column":23}},"5":{"start":{"line":6,"column":14},"end":{"line":6,"column":35}},"6":{"start":{"line":10,"column":18},"end":{"line":10,"column":106}},"7":{"start":{"line":10,"column":33},"end":{"line":10,"column":106}},"8":{"start":{"line":16,"column":24},"end":{"line":16,"column":103}},"9":{"start":{"line":16,"column":39},"end":{"line":16,"column":103}},"10":{"start":{"line":19,"column":19},"end":{"line":40,"column":1}},"11":{"start":{"line":21,"column":17},"end":{"line":21,"column":64}},"12":{"start":{"line":21,"column":32},"end":{"line":21,"column":64}},"13":{"start":{"line":22,"column":22},"end":{"line":22,"column":74}},"14":{"start":{"line":22,"column":37},"end":{"line":22,"column":74}},"15":{"start":{"line":23,"column":22},"end":{"line":23,"column":69}},"16":{"start":{"line":23,"column":37},"end":{"line":23,"column":69}},"17":{"start":{"line":24,"column":23},"end":{"line":24,"column":80}},"18":{"start":{"line":24,"column":38},"end":{"line":24,"column":80}},"19":{"start":{"line":26,"column":21},"end":{"line":26,"column":23}},"20":{"start":{"line":27,"column":23},"end":{"line":27,"column":49}},"21":{"start":{"line":29,"column":2},"end":{"line":38,"column":3}},"22":{"start":{"line":30,"column":4},"end":{"line":30,"column":36}},"23":{"start":{"line":32,"column":9},"end":{"line":38,"column":3}},"24":{"start":{"line":33,"column":4},"end":{"line":37,"column":6}},"25":{"start":{"line":36,"column":6},"end":{"line":36,"column":80}},"26":{"start":{"line":39,"column":2},"end":{"line":39,"column":22}},"27":{"start":{"line":48,"column":17},"end":{"line":70,"column":1}},"28":{"start":{"line":49,"column":23},"end":{"line":49,"column":44}},"29":{"start":{"line":50,"column":21},"end":{"line":50,"column":23}},"30":{"start":{"line":51,"column":4},"end":{"line":68,"column":7}},"31":{"start":{"line":52,"column":21},"end":{"line":52,"column":62}},"32":{"start":{"line":55,"column":16},"end":{"line":55,"column":43}},"33":{"start":{"line":56,"column":25},"end":{"line":56,"column":71}},"34":{"start":{"line":60,"column":22},"end":{"line":60,"column":85}},"35":{"start":{"line":60,"column":54},"end":{"line":60,"column":84}},"36":{"start":{"line":61,"column":6},"end":{"line":67,"column":9}},"37":{"start":{"line":62,"column":8},"end":{"line":66,"column":11}},"38":{"start":{"line":69,"column":2},"end":{"line":69,"column":22}},"39":{"start":{"line":77,"column":17},"end":{"line":103,"column":1}},"40":{"start":{"line":78,"column":31},"end":{"line":78,"column":50}},"41":{"start":{"line":79,"column":24},"end":{"line":100,"column":3}},"42":{"start":{"line":79,"column":59},"end":{"line":99,"column":6}},"43":{"start":{"line":82,"column":6},"end":{"line":92,"column":7}},"44":{"start":{"line":83,"column":6},"end":{"line":86,"column":11}},"45":{"start":{"line":88,"column":6},"end":{"line":91,"column":10}},"46":{"start":{"line":95,"column":6},"end":{"line":98,"column":8}},"47":{"start":{"line":102,"column":2},"end":{"line":102,"column":36}},"48":{"start":{"line":106,"column":0},"end":{"line":112,"column":2}}},"fnMap":{"0":{"name":"(anonymous_0)","decl":{"start":{"line":10,"column":18},"end":{"line":10,"column":19}},"loc":{"start":{"line":10,"column":33},"end":{"line":10,"column":106}},"line":10},"1":{"name":"(anonymous_1)","decl":{"start":{"line":16,"column":24},"end":{"line":16,"column":25}},"loc":{"start":{"line":16,"column":39},"end":{"line":16,"column":103}},"line":16},"2":{"name":"(anonymous_2)","decl":{"start":{"line":19,"column":19},"end":{"line":19,"column":20}},"loc":{"start":{"line":19,"column":32},"end":{"line":40,"column":1}},"line":19},"3":{"name":"(anonymous_3)","decl":{"start":{"line":21,"column":17},"end":{"line":21,"column":18}},"loc":{"start":{"line":21,"column":32},"end":{"line":21,"column":64}},"line":21},"4":{"name":"(anonymous_4)","decl":{"start":{"line":22,"column":22},"end":{"line":22,"column":23}},"loc":{"start":{"line":22,"column":37},"end":{"line":22,"column":74}},"line":22},"5":{"name":"(anonymous_5)","decl":{"start":{"line":23,"column":22},"end":{"line":23,"column":23}},"loc":{"start":{"line":23,"column":37},"end":{"line":23,"column":69}},"line":23},"6":{"name":"(anonymous_6)","decl":{"start":{"line":24,"column":23},"end":{"line":24,"column":24}},"loc":{"start":{"line":24,"column":38},"end":{"line":24,"column":80}},"line":24},"7":{"name":"(anonymous_7)","decl":{"start":{"line":33,"column":41},"end":{"line":33,"column":42}},"loc":{"start":{"line":33,"column":50},"end":{"line":37,"column":5}},"line":33},"8":{"name":"(anonymous_8)","decl":{"start":{"line":48,"column":17},"end":{"line":48,"column":18}},"loc":{"start":{"line":48,"column":31},"end":{"line":70,"column":1}},"line":48},"9":{"name":"(anonymous_9)","decl":{"start":{"line":51,"column":25},"end":{"line":51,"column":26}},"loc":{"start":{"line":51,"column":34},"end":{"line":68,"column":5}},"line":51},"10":{"name":"(anonymous_10)","decl":{"start":{"line":60,"column":42},"end":{"line":60,"column":43}},"loc":{"start":{"line":60,"column":54},"end":{"line":60,"column":84}},"line":60},"11":{"name":"(anonymous_11)","decl":{"start":{"line":61,"column":24},"end":{"line":61,"column":25}},"loc":{"start":{"line":61,"column":34},"end":{"line":67,"column":7}},"line":61},"12":{"name":"(anonymous_12)","decl":{"start":{"line":77,"column":17},"end":{"line":77,"column":18}},"loc":{"start":{"line":77,"column":32},"end":{"line":103,"column":1}},"line":77},"13":{"name":"(anonymous_13)","decl":{"start":{"line":79,"column":49},"end":{"line":79,"column":50}},"loc":{"start":{"line":79,"column":59},"end":{"line":99,"column":6}},"line":79},"14":{"name":"(anonymous_14)","decl":{"start":{"line":80,"column":10},"end":{"line":80,"column":11}},"loc":{"start":{"line":80,"column":24},"end":{"line":93,"column":5}},"line":80},"15":{"name":"(anonymous_15)","decl":{"start":{"line":94,"column":11},"end":{"line":94,"column":12}},"loc":{"start":{"line":94,"column":20},"end":{"line":99,"column":5}},"line":94}},"branchMap":{"0":{"loc":{"start":{"line":10,"column":33},"end":{"line":10,"column":106}},"type":"cond-expr","locations":[{"start":{"line":10,"column":94},"end":{"line":10,"column":98}},{"start":{"line":10,"column":101},"end":{"line":10,"column":106}}],"line":10},"1":{"loc":{"start":{"line":10,"column":34},"end":{"line":10,"column":90}},"type":"binary-expr","locations":[{"start":{"line":10,"column":34},"end":{"line":10,"column":58}},{"start":{"line":10,"column":62},"end":{"line":10,"column":90}}],"line":10},"2":{"loc":{"start":{"line":16,"column":39},"end":{"line":16,"column":103}},"type":"cond-expr","locations":[{"start":{"line":16,"column":68},"end":{"line":16,"column":77}},{"start":{"line":16,"column":80},"end":{"line":16,"column":103}}],"line":16},"3":{"loc":{"start":{"line":29,"column":2},"end":{"line":38,"column":3}},"type":"if","locations":[{"start":{"line":29,"column":2},"end":{"line":38,"column":3}},{"start":{"line":29,"column":2},"end":{"line":38,"column":3}}],"line":29},"4":{"loc":{"start":{"line":29,"column":5},"end":{"line":29,"column":54}},"type":"binary-expr","locations":[{"start":{"line":29,"column":5},"end":{"line":29,"column":25}},{"start":{"line":29,"column":29},"end":{"line":29,"column":54}}],"line":29},"5":{"loc":{"start":{"line":32,"column":9},"end":{"line":38,"column":3}},"type":"if","locations":[{"start":{"line":32,"column":9},"end":{"line":38,"column":3}},{"start":{"line":32,"column":9},"end":{"line":38,"column":3}}],"line":32},"6":{"loc":{"start":{"line":32,"column":12},"end":{"line":32,"column":68}},"type":"binary-expr","locations":[{"start":{"line":32,"column":12},"end":{"line":32,"column":37}},{"start":{"line":32,"column":41},"end":{"line":32,"column":68}}],"line":32},"7":{"loc":{"start":{"line":82,"column":6},"end":{"line":92,"column":7}},"type":"if","locations":[{"start":{"line":82,"column":6},"end":{"line":92,"column":7}},{"start":{"line":82,"column":6},"end":{"line":92,"column":7}}],"line":82}},"s":{"0":2,"1":2,"2":2,"3":2,"4":2,"5":2,"6":2,"7":6,"8":2,"9":70,"10":2,"11":68,"12":68,"13":68,"14":39,"15":68,"16":38,"17":68,"18":29,"19":68,"20":68,"21":68,"22":28,"23":39,"24":29,"25":55,"26":67,"27":2,"28":7,"29":6,"30":6,"31":14,"32":14,"33":14,"34":14,"35":24,"36":14,"37":24,"38":6,"39":2,"40":1,"41":1,"42":6,"43":0,"44":0,"45":0,"46":0,"47":1,"48":2},"f":{"0":6,"1":70,"2":68,"3":68,"4":39,"5":38,"6":29,"7":55,"8":7,"9":14,"10":24,"11":24,"12":1,"13":6,"14":0,"15":0},"b":{"0":[5,1],"1":[6,5],"2":[59,11],"3":[28,39],"4":[68,38],"5":[29,10],"6":[39,29],"7":[0,0]},"_coverageSchema":"1a1c01bbd47fc00a2c39e90264f33305004495a9","hash":"46d7fecd2e1de752548295d08e5665fc0f10a2ea"}
,"D:\\14-Java script\\LIM013-fe-md-links\\src\\mdLinks.js": {"path":"D:\\14-Java script\\LIM013-fe-md-links\\src\\mdLinks.js","statementMap":{"0":{"start":{"line":1,"column":14},"end":{"line":1,"column":35}},"1":{"start":{"line":5,"column":23},"end":{"line":13,"column":1}},"2":{"start":{"line":6,"column":4},"end":{"line":12,"column":6}},"3":{"start":{"line":7,"column":23},"end":{"line":7,"column":43}},"4":{"start":{"line":8,"column":6},"end":{"line":11,"column":90}},"5":{"start":{"line":8,"column":32},"end":{"line":8,"column":107}},"6":{"start":{"line":9,"column":11},"end":{"line":11,"column":90}},"7":{"start":{"line":9,"column":51},"end":{"line":9,"column":113}},"8":{"start":{"line":10,"column":11},"end":{"line":11,"column":90}},"9":{"start":{"line":10,"column":37},"end":{"line":10,"column":102}},"10":{"start":{"line":11,"column":11},"end":{"line":11,"column":90}},"11":{"start":{"line":15,"column":0},"end":{"line":15,"column":32}}},"fnMap":{"0":{"name":"(anonymous_0)","decl":{"start":{"line":5,"column":23},"end":{"line":5,"column":24}},"loc":{"start":{"line":5,"column":64},"end":{"line":13,"column":1}},"line":5},"1":{"name":"(anonymous_1)","decl":{"start":{"line":6,"column":24},"end":{"line":6,"column":25}},"loc":{"start":{"line":6,"column":45},"end":{"line":12,"column":5}},"line":6}},"branchMap":{"0":{"loc":{"start":{"line":5,"column":30},"end":{"line":5,"column":59}},"type":"default-arg","locations":[{"start":{"line":5,"column":40},"end":{"line":5,"column":59}}],"line":5},"1":{"loc":{"start":{"line":8,"column":6},"end":{"line":11,"column":90}},"type":"if","locations":[{"start":{"line":8,"column":6},"end":{"line":11,"column":90}},{"start":{"line":8,"column":6},"end":{"line":11,"column":90}}],"line":8},"2":{"loc":{"start":{"line":9,"column":11},"end":{"line":11,"column":90}},"type":"if","locations":[{"start":{"line":9,"column":11},"end":{"line":11,"column":90}},{"start":{"line":9,"column":11},"end":{"line":11,"column":90}}],"line":9},"3":{"loc":{"start":{"line":10,"column":11},"end":{"line":11,"column":90}},"type":"if","locations":[{"start":{"line":10,"column":11},"end":{"line":11,"column":90}},{"start":{"line":10,"column":11},"end":{"line":11,"column":90}}],"line":10},"4":{"loc":{"start":{"line":11,"column":11},"end":{"line":11,"column":90}},"type":"cond-expr","locations":[{"start":{"line":11,"column":41},"end":{"line":11,"column":70}},{"start":{"line":11,"column":73},"end":{"line":11,"column":90}}],"line":11}},"s":{"0":1,"1":1,"2":5,"3":5,"4":4,"5":0,"6":4,"7":1,"8":3,"9":1,"10":2,"11":1},"f":{"0":5,"1":5},"b":{"0":[2],"1":[0,4],"2":[1,3],"3":[1,2],"4":[1,1]},"_coverageSchema":"1a1c01bbd47fc00a2c39e90264f33305004495a9","hash":"d76cfc56ae8ef1d478cb07409f5236e05850ec56"}
,"D:\\14-Java script\\LIM013-fe-md-links\\src\\stats.js": {"path":"D:\\14-Java script\\LIM013-fe-md-links\\src\\stats.js","statementMap":{"0":{"start":{"line":5,"column":14},"end":{"line":10,"column":1}},"1":{"start":{"line":6,"column":18},"end":{"line":6,"column":45}},"2":{"start":{"line":8,"column":19},"end":{"line":8,"column":78}},"3":{"start":{"line":8,"column":62},"end":{"line":8,"column":71}},"4":{"start":{"line":9,"column":4},"end":{"line":9,"column":54}},"5":{"start":{"line":12,"column":15},"end":{"line":18,"column":1}},"6":{"start":{"line":13,"column":21},"end":{"line":13,"column":22}},"7":{"start":{"line":14,"column":4},"end":{"line":16,"column":9}},"8":{"start":{"line":15,"column":8},"end":{"line":15,"column":52}},"9":{"start":{"line":15,"column":36},"end":{"line":15,"column":52}},"10":{"start":{"line":17,"column":6},"end":{"line":17,"column":39}},"11":{"start":{"line":20,"column":0},"end":{"line":23,"column":4}}},"fnMap":{"0":{"name":"(anonymous_0)","decl":{"start":{"line":5,"column":14},"end":{"line":5,"column":15}},"loc":{"start":{"line":5,"column":38},"end":{"line":10,"column":1}},"line":5},"1":{"name":"(anonymous_1)","decl":{"start":{"line":8,"column":52},"end":{"line":8,"column":53}},"loc":{"start":{"line":8,"column":62},"end":{"line":8,"column":71}},"line":8},"2":{"name":"(anonymous_2)","decl":{"start":{"line":12,"column":15},"end":{"line":12,"column":16}},"loc":{"start":{"line":12,"column":39},"end":{"line":18,"column":1}},"line":12},"3":{"name":"(anonymous_3)","decl":{"start":{"line":14,"column":33},"end":{"line":14,"column":34}},"loc":{"start":{"line":14,"column":43},"end":{"line":16,"column":7}},"line":14}},"branchMap":{"0":{"loc":{"start":{"line":15,"column":8},"end":{"line":15,"column":52}},"type":"if","locations":[{"start":{"line":15,"column":8},"end":{"line":15,"column":52}},{"start":{"line":15,"column":8},"end":{"line":15,"column":52}}],"line":15}},"s":{"0":1,"1":1,"2":1,"3":6,"4":1,"5":1,"6":1,"7":1,"8":6,"9":1,"10":1,"11":1},"f":{"0":1,"1":6,"2":1,"3":6},"b":{"0":[1,5]},"_coverageSchema":"1a1c01bbd47fc00a2c39e90264f33305004495a9","hash":"dc23da702b8556e7e8b2d4487dc2c4078b70f038"}
}
