TN:
SF:src\index.js
FN:10,(anonymous_0)
FN:16,(anonymous_1)
FN:19,(anonymous_2)
FN:21,(anonymous_3)
FN:22,(anonymous_4)
FN:23,(anonymous_5)
FN:32,(anonymous_6)
FN:47,(anonymous_7)
FN:50,(anonymous_8)
FN:59,(anonymous_9)
FN:60,(anonymous_10)
FN:76,(anonymous_11)
FN:78,(anonymous_12)
FN:79,(anonymous_13)
FN:93,(anonymous_14)
FNF:15
FNH:11
FNDA:2,(anonymous_0)
FNDA:15,(anonymous_1)
FNDA:13,(anonymous_2)
FNDA:13,(anonymous_3)
FNDA:7,(anonymous_4)
FNDA:8,(anonymous_5)
FNDA:10,(anonymous_6)
FNDA:1,(anonymous_7)
FNDA:1,(anonymous_8)
FNDA:6,(anonymous_9)
FNDA:6,(anonymous_10)
FNDA:0,(anonymous_11)
FNDA:0,(anonymous_12)
FNDA:0,(anonymous_13)
FNDA:0,(anonymous_14)
DA:1,1
DA:2,1
DA:3,1
DA:4,1
DA:5,1
DA:6,1
DA:10,2
DA:16,15
DA:19,1
DA:21,13
DA:22,13
DA:23,13
DA:25,13
DA:26,13
DA:28,13
DA:29,6
DA:31,7
DA:32,5
DA:35,10
DA:38,13
DA:47,1
DA:48,1
DA:49,1
DA:50,1
DA:51,1
DA:54,1
DA:55,1
DA:59,6
DA:60,1
DA:61,6
DA:68,1
DA:76,1
DA:77,0
DA:78,0
DA:81,0
DA:82,0
DA:87,0
DA:94,0
DA:101,0
DA:105,1
LF:40
LH:33
BRDA:10,0,0,1
BRDA:10,0,1,1
BRDA:10,1,0,2
BRDA:10,1,1,1
BRDA:16,2,0,14
BRDA:16,2,1,1
BRDA:28,3,0,6
BRDA:28,3,1,7
BRDA:28,4,0,13
BRDA:28,4,1,8
BRDA:31,5,0,5
BRDA:31,5,1,2
BRDA:81,6,0,0
BRDA:81,6,1,0
BRF:14
BRH:12
end_of_record
