TN:
SF:src\index.js
FN:10,(anonymous_0)
FN:16,(anonymous_1)
FN:19,(anonymous_2)
FN:21,(anonymous_3)
FN:22,(anonymous_4)
FN:23,(anonymous_5)
FN:32,(anonymous_6)
FN:47,(anonymous_7)
FN:50,(anonymous_8)
FN:59,(anonymous_9)
FN:60,(anonymous_10)
FN:76,(anonymous_11)
FN:78,(anonymous_12)
FN:79,(anonymous_13)
FN:93,(anonymous_14)
FNF:15
FNH:13
FNDA:8,(anonymous_0)
FNDA:81,(anonymous_1)
FNDA:79,(anonymous_2)
FNDA:79,(anonymous_3)
FNDA:45,(anonymous_4)
FNDA:45,(anonymous_5)
FNDA:65,(anonymous_6)
FNDA:7,(anonymous_7)
FNDA:19,(anonymous_8)
FNDA:30,(anonymous_9)
FNDA:30,(anonymous_10)
FNDA:1,(anonymous_11)
FNDA:6,(anonymous_12)
FNDA:0,(anonymous_13)
FNDA:0,(anonymous_14)
DA:1,2
DA:2,2
DA:3,2
DA:4,2
DA:5,2
DA:6,2
DA:10,8
DA:16,81
DA:19,2
DA:21,79
DA:22,79
DA:23,79
DA:25,79
DA:26,79
DA:28,79
DA:29,34
DA:31,45
DA:32,34
DA:35,65
DA:38,79
DA:47,2
DA:48,7
DA:49,7
DA:50,7
DA:51,19
DA:54,19
DA:55,19
DA:59,30
DA:60,19
DA:61,30
DA:68,7
DA:76,2
DA:77,1
DA:78,6
DA:81,0
DA:82,0
DA:87,0
DA:94,0
DA:101,1
DA:105,2
LF:40
LH:36
BRDA:10,0,0,6
BRDA:10,0,1,2
BRDA:10,1,0,8
BRDA:10,1,1,6
BRDA:16,2,0,69
BRDA:16,2,1,12
BRDA:28,3,0,34
BRDA:28,3,1,45
BRDA:28,4,0,79
BRDA:28,4,1,45
BRDA:31,5,0,34
BRDA:31,5,1,11
BRDA:81,6,0,0
BRDA:81,6,1,0
BRF:14
BRH:12
end_of_record
TN:
SF:src\mdLinks.js
FN:5,(anonymous_0)
FN:6,(anonymous_1)
FN:16,(anonymous_2)
FNF:3
FNH:3
FNDA:6,(anonymous_0)
FNDA:6,(anonymous_1)
FNDA:1,(anonymous_2)
DA:1,1
DA:5,1
DA:6,6
DA:7,6
DA:8,5
DA:9,4
DA:10,2
DA:14,1
DA:15,1
DA:17,1
LF:10
LH:10
BRDA:5,0,0,2
BRDA:7,1,0,1
BRDA:7,1,1,5
BRDA:8,2,0,1
BRDA:8,2,1,4
BRDA:9,3,0,2
BRDA:9,3,1,2
BRDA:10,4,0,1
BRDA:10,4,1,1
BRF:9
BRH:9
end_of_record
TN:
SF:src\stats.js
FN:5,(anonymous_0)
FN:8,(anonymous_1)
FN:12,(anonymous_2)
FN:14,(anonymous_3)
FNF:4
FNH:4
FNDA:1,(anonymous_0)
FNDA:6,(anonymous_1)
FNDA:1,(anonymous_2)
FNDA:6,(anonymous_3)
DA:5,1
DA:6,1
DA:8,6
DA:9,1
DA:12,1
DA:13,1
DA:14,1
DA:15,6
DA:17,1
DA:20,1
LF:10
LH:10
BRDA:15,0,0,1
BRDA:15,0,1,5
BRF:2
BRH:2
end_of_record
